SNP	Chromosome	Position
rs10049088:C:T	3	156797648
rs10054063:A:T	5	173392398
rs10055995:C:T	5	137698299
rs10100423:A:T	8	72407115
rs10100533:A:G	8	135706219
rs10249651:T:C	7	117064625
rs1029472:G:A	5	130867733
rs1029645:G:A	17	70295760
rs1035942:A:G	19	7199803
rs1045241:C:T	5	118729286
rs10462028:G:A	4	56298300
rs10463416:G:A	5	148572915
rs10502148:C:T	11	111647998
rs10507524:T:C	13	44684600
rs1051684:A:G	17	62006497
rs1057119:C:G	14	23746269
rs10745659:C:G	12	94092690
rs10778504:C:T	12	107120424
rs10799424:T:A	1	227755475
rs10808546:C:T	8	126495818
rs10817896:C:T	9	119232655
rs10820747:G:A	9	107686823
rs10827226:T:C	10	33559319
rs10842707:C:T	12	26471364
rs10843804:T:C	12	30814864
rs10878367:T:A	12	66436097
rs10880823:T:C	12	45986738
rs10887759:G:A	10	89603424
rs10913257:G:T	1	176778610
rs10919388:A:C	1	170372503
rs10923724:C:T	1	119546842
rs10963067:C:A	9	17367946
rs10980797:A:G	9	113912553
rs11042077:G:A	11	8825966
rs1105881:C:G	15	42072530
rs11074934:C:T	16	10979440
rs11078594:G:C	17	1612777
rs11082430:C:G	18	42752377
rs11085744:C:T	19	10819967
rs11088991:T:C	21	46783285
rs1111875:C:T	10	94462882
rs11129657:T:C	3	35636709
rs11134029:T:C	5	4025324
rs11187537:G:C	10	95346805
rs11204762:A:G	1	150999737
rs11205773:T:C	1	51284905
rs11235:T:C	3	52745087
rs112907088:A:G	5	142083969
rs1139653:A:T	16	4484396
rs1144:T:C	7	104756355
rs114760566:C:A	6	34192036
rs11574514:C:T	16	67971380
rs11592754:A:C	10	32619572
rs11670056:C:T	19	18589943
rs11722554:G:A	4	5016883
rs11724804:G:A	4	965779
rs11746028:C:T	5	180645425
rs11747001:A:G	5	132412299
rs11757455:G:A	6	112522852
rs11770285:C:G	7	107616011
rs11786566:T:G	8	23884506
rs11897119:T:C	2	66772000
rs1190982:T:C	14	58815839
rs12138803:C:T	1	172348823
rs1223581:C:T	10	95745593
rs12325187:C:G	16	3364997
rs12419064:A:G	11	10320608
rs12435790:A:G	14	35154381
rs12441543:G:A	15	31689543
rs12442323:C:T	15	67654919
rs12454712:T:C	18	60845884
rs12459350:A:G	19	2176586
rs12494105:G:C	3	168949093
rs1250259:T:A	2	216300482
rs12527712:C:T	6	80916967
rs12543555:A:G	8	69562014
rs12608426:G:A	18	46681664
rs12608504:A:G	19	18389135
rs12684047:T:A	9	111972671
rs12686771:C:T	9	95472584
rs12692387:T:C	2	9698190
rs12694042:C:T	2	207029825
rs12774134:C:T	10	4963327
rs12823266:A:G	12	131441717
rs12828318:A:G	12	133766122
rs1294432:C:T	6	6745027
rs13010546:C:T	2	171370986
rs13107325:C:T	4	103188709
rs13137905:T:G	4	15375668
rs13198178:G:C	6	41702227
rs13223034:C:T	7	42701627
rs13234914:A:G	7	84577411
rs13256367:A:C	8	128334900
rs1328757:C:T	20	56135199
rs1334576:G:A	6	7211818
rs13379794:G:A	15	98367100
rs1345203:T:C	2	112253851
rs1364422:C:T	7	130445981
rs1385167:A:G	2	66200648
rs139271800:A:G	15	90214777
rs140201358:C:G	11	823586
rs1406948:G:A	20	33905619
rs144033177:A:C	20	571467
rs1440372:T:C	15	67033151
rs144926207:T:C	9	140079779
rs145878042:A:G	12	48143315
rs146182298:C:T	14	52531408
rs1481801:A:C	8	71989719
rs1485745:T:G	8	25891545
rs1494204:C:T	10	27904321
rs149921263:G:A	4	123923955
rs150841499:C:T	9	112762434
rs1511022:C:T	4	120126233
rs1522811:C:A	2	226992454
rs1541681:G:T	5	53304620
rs1561:C:T	17	8263334
rs1569135:A:G	2	188115398
rs1635853:T:G	7	28189549
rs16907277:A:G	9	93972658
rs16976826:C:T	15	56517524
rs16978854:G:A	19	13139660
rs17067999:C:T	13	78163787
rs17101456:A:G	10	122875040
rs17154889:C:A	5	102305065
rs17289035:G:A	3	57125424
rs17311057:C:T	3	78841789
rs17326656:G:T	2	48962291
rs17369710:T:C	8	75995382
rs17417407:G:T	10	95931087
rs174829:A:G	3	37535577
rs17509001:T:C	2	24021231
rs17511102:A:T	2	37960613
rs1757471:C:T	10	34168090
rs17703354:T:C	5	157986357
rs17703883:T:C	15	51530097
rs17764730:C:T	5	127357526
rs1800978:C:G	9	107665978
rs1805740:G:T	12	9075014
rs180958337:C:T	12	28168810
rs1893781:C:A	18	42443643
rs1979527:C:A	3	127400781
rs1997833:T:C	20	39690342
rs2012485:C:T	8	25374910
rs2027982:T:C	22	31593435
rs2028386:C:G	15	74226708
rs2047937:C:T	16	49864791
rs2061708:G:C	1	103417203
rs2075665:A:T	9	101749943
rs2124307:T:C	14	98344662
rs2145272:G:A	20	6626218
rs2158828:A:G	7	14227425
rs2167750:C:T	4	89730074
rs2200155:G:A	12	33734935
rs2222543:G:C	7	120902185
rs2236519:G:A	20	45529571
rs2272790:G:A	22	35680095
rs2277339:T:G	12	57146069
rs227733:C:A	17	54769174
rs2279469:G:C	1	164740405
rs2294239:A:G	22	29449477
rs2294823:C:T	6	22596987
rs2299253:T:C	7	93110055
rs2373078:C:T	2	218392555
rs2376585:T:C	17	76417883
rs2387280:A:T	16	4339684
rs2398893:A:G	9	96758342
rs2503100:A:G	6	100613915
rs2524163:C:T	6	31259579
rs2526886:G:T	14	71359064
rs2529411:G:C	7	50738482
rs2595004:C:T	3	11406721
rs2602680:T:G	2	225066513
rs2603229:T:C	15	100263499
rs2701523:A:G	15	37384284
rs270960:A:C	2	161714729
rs2786198:A:G	10	119313196
rs2791550:T:G	1	219655369
rs2836141:T:C	21	39455061
rs28408682:A:G	10	104403310
rs28451064:G:A	21	35593827
rs2898237:A:G	21	36763769
rs2925979:T:C	16	81534790
rs2970332:G:A	11	14360435
rs299615:G:A	5	34042097
rs2997447:G:A	1	26387423
rs3110697:A:G	7	45955029
rs3218121:G:A	1	23858317
rs322396:A:G	5	172160736
rs332105:G:A	2	119444229
rs34000:T:C	5	141973501
rs34312154:G:A	11	47470345
rs34905952:G:A	3	138104635
rs352300:C:G	1	176250052
rs35344256:C:A	17	79934194
rs35419826:G:A	2	239719323
rs35710478:G:C	18	45377882
rs357438:G:C	7	138023288
rs3731861:T:C	2	219191256
rs3741378:C:T	11	65408937
rs3757298:A:C	6	132785016
rs3761706:G:A	2	111899881
rs3786897:A:G	19	33893008
rs3792751:C:T	5	32773314
rs3803042:G:A	12	54387947
rs3807947:T:G	7	20424889
rs3851294:A:G	1	205130413
rs3936510:G:T	5	55860866
rs402294:G:A	7	101723260
rs41277978:C:A	10	71883836
rs4293945:A:T	5	38736142
rs4371408:A:G	20	51024233
rs4372913:A:G	2	114517748
rs4420638:A:G	19	45422946
rs4474021:G:T	8	12632903
rs4489410:A:C	9	131591649
rs4558863:T:C	4	26079129
rs4646342:G:A	17	17493272
rs4684857:G:C	3	12493863
rs4686696:G:A	3	185516520
rs4773173:A:G	13	111025118
rs4789261:G:C	17	74249394
rs4794033:G:A	17	47358481
rs4902630:A:G	14	69142390
rs4951588:C:T	1	212500433
rs4964058:G:A	12	27522766
rs4964656:G:C	12	108594069
rs541091:G:A	6	160770552
rs55747707:G:A	7	73037366
rs55920843:T:G	2	158412701
rs56185013:G:A	4	106160133
rs56196860:C:A	12	2908330
rs56271783:G:C	11	64004723
rs598104:A:T	1	86266109
rs59888683:C:T	15	79049464
rs6018291:C:G	20	45756772
rs6040229:A:G	20	10883131
rs6047259:C:T	20	21098319
rs6054471:T:C	20	6674887
rs62012773:A:G	15	63868761
rs62070804:C:T	17	27889643
rs62271373:T:A	3	150066540
rs62621197:C:T	19	8670147
rs634869:T:C	6	139831757
rs6426912:T:C	1	165321568
rs6432188:T:C	2	11499032
rs6480914:G:A	10	80772591
rs6556301:G:T	5	176527577
rs664532:T:C	13	110932363
rs6658424:T:A	1	200049302
rs6688233:C:T	1	9335745
rs6705646:A:G	2	165567695
rs6721459:A:G	2	67852836
rs6752964:T:C	2	43754655
rs6795831:A:C	3	129341403
rs6853254:T:G	4	26352363
rs6859752:C:T	5	171851934
rs6867518:T:C	5	64679283
rs6872807:G:T	5	55966023
rs6905288:G:A	6	43758873
rs6932767:G:T	6	14595873
rs6940715:A:C	6	133601845
rs6985478:G:A	8	25780152
rs699370:T:C	14	74989119
rs7003062:T:C	8	121358527
rs7020604:A:G	9	112583554
rs7070749:G:A	10	63882682
rs7086377:T:G	10	3596526
rs7102:T:C	16	11642242
rs711076:T:C	12	77905207
rs711869:G:A	2	13073967
rs7119797:C:T	11	62166235
rs71439172:G:A	2	25584162
rs71511786:A:T	9	107578059
rs715300:C:T	1	221290755
rs717795:T:C	1	2970464
rs7198287:C:T	16	85258191
rs7213608:C:T	17	21279289
rs7225453:T:C	17	3960620
rs7235010:G:A	18	20724810
rs7252102:A:G	19	17197012
rs727428:T:C	17	7537792
rs7279347:G:A	21	47537882
rs72823057:G:C	17	40567260
rs72877579:C:T	3	64697471
rs72959041:G:A	6	127454893
rs73001065:G:C	19	19460541
rs73094710:T:G	3	61557775
rs7350438:C:T	10	5643511
rs73858966:T:A	3	99654183
rs73942938:T:C	19	46162346
rs7395513:G:A	11	69262756
rs740838:C:A	3	43764315
rs747249:A:G	11	130271647
rs7492628:C:G	14	91547136
rs7521902:C:A	1	22490724
rs7530102:T:A	1	163760257
rs7554947:C:T	1	160413460
rs755643:G:A	5	173136667
rs757081:C:G	11	17351683
rs757608:A:G	17	59497277
rs7585974:C:G	2	172377212
rs7680787:T:C	4	122624065
rs7708285:G:A	5	76425867
rs7721054:T:C	5	54890802
rs7744833:A:G	6	20581828
rs7795371:A:G	7	77362504
rs7798002:G:T	7	25860580
rs780159:A:G	10	80907147
rs7827182:G:C	8	8380471
rs7854560:C:T	9	98382950
rs7903146:C:T	10	114758349
rs7932891:A:G	11	10921512
rs7945962:G:A	11	36360598
rs79664277:G:A	5	149859889
rs797486:C:A	13	51221618
rs7993238:A:C	13	22473593
rs801593:G:C	22	47195050
rs8024294:G:A	15	94023132
rs8054299:C:G	16	53498655
rs805768:C:T	20	5666891
rs8066985:A:G	17	68453345
rs8074638:G:A	17	53731579
rs8080903:T:C	17	43996140
rs8103017:C:G	19	55999142
rs8126001:C:T	20	62711459
rs8142329:A:G	22	27647289
rs821100:A:G	8	89448877
rs848286:T:C	2	58394543
rs863750:C:T	12	124505444
rs889129:T:A	19	10070954
rs905938:T:C	1	154991389
rs910071:C:T	20	39213710
rs910382:G:A	20	51699189
rs917191:G:C	7	80570871
rs917681:C:T	4	13247539
rs930653:A:T	2	68464271
rs9341990:A:G	6	85391568
rs9388766:T:C	6	130354855
rs9415106:G:A	10	77295957
rs9435732:C:T	1	17308158
rs951252:A:G	4	145825151
rs9644033:A:T	8	23610639
rs9647379:G:C	3	171785168
rs9678859:A:G	2	100288478
rs975385:C:T	5	141858677
rs9909443:C:T	17	73308346
rs10019888:A:G	4	26062990
rs10101067:G:C	8	72407374
rs10401969:T:C	19	19407718
rs1040848:T:A	6	109247307
rs10463353:C:T	5	141710741
rs10494421:C:T	1	164738727
rs1073632:G:A	16	68248607
rs10761604:T:C	10	63819903
rs1077795:A:G	19	17222584
rs10843817:A:C	12	30865510
rs10891290:T:C	11	111605215
rs10946205:A:G	6	167451311
rs10992447:C:T	9	95509733
rs11006228:G:A	10	60460025
rs11045172:A:C	12	20470221
rs11118610:A:C	1	220990086
rs11603150:T:C	11	36373869
rs11605956:T:C	11	26212866
rs11668242:A:G	19	40836872
rs116911572:T:C	17	943593
rs11694173:G:A	2	43590899
rs11716727:C:T	3	12489012
rs11727676:T:C	4	145659064
rs11756568:A:T	6	152042413
rs11992444:G:T	8	25464690
rs12061508:G:A	1	196584468
rs12185233:G:C	17	43923654
rs12192658:G:A	6	112504240
rs12328675:T:C	2	165540800
rs12340775:G:A	9	13226945
rs12369214:G:A	12	107198611
rs12496583:A:G	3	123121286
rs12591294:T:C	15	56525994
rs12675159:G:A	8	71945274
rs12817549:T:C	12	94121314
rs1294420:C:T	6	6742752
rs12983546:G:T	19	2195065
rs1316979:C:T	6	41708664
rs13223303:T:C	7	42692711
rs13229464:C:T	7	32890237
rs13232403:G:A	7	20398192
rs13306567:C:G	1	11860465
rs13404250:C:T	2	188116196
rs1340819:A:C	13	29145323
rs1396514:C:T	17	68431026
rs140664623:G:T	14	52321987
rs146385050:C:A	17	60637258
rs1468602:T:C	3	43742734
rs148358468:G:A	2	219590348
rs150090666:C:T	11	14865399
rs1520325:C:T	4	125182690
rs1534696:C:A	7	26397239
rs1535179:A:G	1	23639009
rs1578916:C:T	7	150281975
rs16935416:G:A	9	17235156
rs16975388:C:G	16	85261963
rs17184382:A:C	15	63792486
rs17292540:G:C	9	119351429
rs17437657:G:A	7	27249617
rs17451107:T:C	3	156797609
rs17457629:A:T	5	38795199
rs1877569:G:A	3	99224544
rs1902066:T:C	6	81346033
rs1983189:A:G	5	54886681
rs20478:G:A	13	44686064
rs2072209:A:G	7	107592198
rs2153155:C:T	4	26357893
rs2166365:A:G	5	3597830
rs2207132:G:A	20	39142516
rs2270445:A:G	17	8219478
rs2300481:C:T	2	66782467
rs2320125:T:C	17	62008318
rs2369633:T:C	1	205181062
rs244723:G:A	5	176534886
rs2459732:C:T	5	4027324
rs2474714:A:G	10	33495983
rs2645294:C:T	1	119574587
rs2682386:C:T	3	101068873
rs2701013:T:G	7	37423214
rs2836162:A:G	21	39504356
rs28378811:T:G	21	46779091
rs28562046:C:G	9	139241595
rs2925128:C:T	14	98362355
rs2993481:A:T	1	2973433
rs34311866:T:C	4	951947
rs34699:G:T	5	66304225
rs34781:C:T	5	102454439
rs351407:C:T	1	212437442
rs35632432:G:A	19	4499850
rs3749748:C:T	5	127350549
rs3773240:C:T	3	78783084
rs3843375:G:A	3	196813908
rs39312:A:C	7	116954785
rs4081724:G:A	19	33824946
rs4130827:T:G	12	66430452
rs4243085:G:C	15	79057723
rs4246243:A:C	12	27518517
rs4285804:T:A	10	104386309
rs4531856:C:T	19	18388383
rs4671193:C:T	2	67846288
rs4871958:G:A	8	25762216
rs4894803:A:G	3	171800256
rs4934618:G:A	10	34167569
rs501470:T:G	6	160770918
rs5117:T:C	19	45418790
rs547943994:T:C	18	30572006
rs552125:T:C	13	110938813
rs55818584:T:A	19	10332547
rs59043281:G:A	2	112261030
rs5997898:A:C	22	31572963
rs605066:C:T	6	139829666
rs6062344:C:T	20	62696024
rs62319568:A:G	4	120362961
rs6498114:G:T	16	10964118
rs6691427:G:C	1	203510048
rs6719428:T:C	2	66238005
rs6878122:G:A	5	76427311
rs695115:C:T	18	2850548
rs7014168:G:A	8	10641965
rs71363019:C:T	18	47014122
rs7154498:C:G	14	58762532
rs7221005:T:C	17	67590431
rs72801474:G:A	5	132444128
rs72837816:A:C	2	111916868
rs7372321:T:C	3	64713815
rs7451021:T:C	6	130381246
rs74809942:T:C	2	191749705
rs74963256:T:C	20	51588847
rs76306613:G:T	7	106235348
rs7679205:G:A	4	5003150
rs7783857:C:G	7	130439058
rs7813520:C:T	8	26263260
rs7834111:T:C	8	135698274
rs7858732:A:G	9	131563540
rs7954697:C:A	12	125335253
rs8073599:T:C	17	65367094
rs8078513:C:A	17	17431208
rs8079062:A:G	17	74255029
rs8086644:G:A	18	60788559
rs8094261:G:C	18	20746728
rs821107:A:C	8	89500663
rs881299:T:C	8	38332249
rs890498:C:G	15	42111298
rs931619:A:G	5	178514729
rs9436299:C:A	1	65892888
rs952632:A:G	12	124469738
rs954244:C:G	2	121309231
rs9674436:A:G	16	1342841
rs979012:T:C	20	6623374
rs9848655:G:A	3	138108352
rs9871235:G:A	3	107494345
rs988799:G:C	4	106126413
rs9892728:C:T	17	40913366
rs9991328:C:T	4	89713121
rs10152595:C:G	15	67475488
rs10257135:C:T	7	104893565
rs10753534:A:G	1	22625311
rs10753805:T:A	1	170320751
rs10840326:G:C	11	9951672
rs1122080:G:A	5	158015903
rs112498803:G:A	6	80922114
rs11500477:T:A	11	47409051
rs11698093:T:C	20	45536063
rs11899888:A:G	2	56102744
rs12123182:C:T	1	221330515
rs12810744:C:T	12	65782040
rs1294436:G:C	6	6746166
rs12991495:T:C	2	25486770
rs13270194:T:C	8	8378102
rs144100226:C:T	6	34180297
rs1494205:T:G	10	27904367
rs1544474:A:G	7	107612629
rs1553607:C:A	1	165221696
rs2067087:G:C	7	27241660
rs2071449:C:A	12	54428011
rs2267846:G:A	3	48556339
rs2268382:A:C	7	130027037
rs2780956:G:A	9	103348634
rs2844531:A:G	6	31353171
rs2923125:A:G	11	10398193
rs34050011:C:A	16	49868513
rs34322:T:C	12	12879570
rs3740237:G:C	10	32557592
rs3769600:G:A	2	32616879
rs455660:T:C	5	55816888
rs4785958:C:G	16	4343839
rs4800452:C:T	18	20727611
rs528425253:A:C	4	186408158
rs529565:T:C	9	136149500
rs577721086:T:C	6	127440047
rs60521849:G:A	17	44172812
rs6096939:G:C	20	51034268
rs6486060:G:A	11	9024630
rs650180:C:T	12	3387281
rs6716011:C:T	2	171350680
rs6722159:T:A	2	161340112
rs6844659:A:T	4	26307176
rs7134488:G:A	12	102616650
rs72754920:T:C	15	85453554
rs7431827:C:G	3	99791550
rs748196:T:G	17	17422768
rs779388:C:T	2	13085166
rs7795061:C:T	7	120933045
rs805737:C:G	20	5664112
rs8189480:C:T	12	38345648
rs900399:A:G	3	156798732
rs917304:C:G	16	4440426
rs9515201:A:C	13	111040798
rs969518:C:T	5	173380346
rs986512:G:A	2	58275666
